<?xml version="1.0" encoding="UTF-8"?>
<!-- Generated by org.testng.reporters.JUnitReportReporter -->
<testsuite hostname="DESKTOP-HUHILSL" failures="0" tests="1" name="tests.SearchTest" time="5.246" errors="0" timestamp="2025-06-13T14:34:52 IST" skipped="0">
  <testcase classname="tests.SearchTest" name="testSearchResultsContainApp" time="5.246"/>
</testsuite> <!-- tests.SearchTest -->
