<?xml version="1.0" encoding="UTF-8"?>
<!-- Generated by org.testng.reporters.JUnitReportReporter -->
<testsuite hostname="DESKTOP-HUHILSL" failures="0" tests="2" name="tests.ChromeFirefoxSearchTest" time="12.491" errors="0" timestamp="2025-06-14T13:31:08 IST" skipped="0">
  <testcase classname="tests.ChromeFirefoxSearchTest" name="testChrome" time="5.425"/>
  <testcase classname="tests.ChromeFirefoxSearchTest" name="testFirefox" time="7.066"/>
</testsuite> <!-- tests.ChromeFirefoxSearchTest -->
