<?xml version="1.0" encoding="UTF-8"?>
<!-- Generated by org.testng.reporters.JUnitReportReporter -->
<testsuite hostname="DESKTOP-HUHILSL" failures="0" tests="4" name="runners.TestRunner" time="0.104" errors="4" timestamp="2025-06-15T00:47:45 IST" skipped="0">
  <testcase classname="runners.TestRunner" name="runScenario" time="0.087">
    <error message="Cannot invoke &quot;org.openqa.selenium.WebDriver.get(String)&quot; because &quot;this.driver&quot; is null" type="java.lang.NullPointerException">
      <![CDATA[java.lang.NullPointerException: Cannot invoke "org.openqa.selenium.WebDriver.get(String)" because "this.driver" is null
at stepdefinitions.SearchSteps.i_open_the_f_droid_website(SearchSteps.java:22)
at ✽.I open the F-Droid website(file:///C:/Users/masai%5E/Documents/workspace-spring-tools-for-eclipse-4.30.0.RELEASE/f-Droid-testing-main/f-Droid-testing-main/src/test/java/features/search.feature:4)
]]>
    </error>
  </testcase> <!-- runScenario -->
  <testcase classname="runners.TestRunner" name="runScenario" time="0.006">
    <error message="Cannot invoke &quot;org.openqa.selenium.WebDriver.get(String)&quot; because &quot;this.driver&quot; is null" type="java.lang.NullPointerException">
      <![CDATA[java.lang.NullPointerException: Cannot invoke "org.openqa.selenium.WebDriver.get(String)" because "this.driver" is null
at stepdefinitions.SearchSteps.i_open_the_f_droid_website(SearchSteps.java:22)
at ✽.I open the F-Droid website(file:///C:/Users/masai%5E/Documents/workspace-spring-tools-for-eclipse-4.30.0.RELEASE/f-Droid-testing-main/f-Droid-testing-main/src/test/java/features/search.feature:4)
]]>
    </error>
  </testcase> <!-- runScenario -->
  <testcase classname="runners.TestRunner" name="runScenario" time="0.004">
    <error message="Cannot invoke &quot;org.openqa.selenium.WebDriver.get(String)&quot; because &quot;this.driver&quot; is null" type="java.lang.NullPointerException">
      <![CDATA[java.lang.NullPointerException: Cannot invoke "org.openqa.selenium.WebDriver.get(String)" because "this.driver" is null
at stepdefinitions.SearchSteps.i_open_the_f_droid_website(SearchSteps.java:22)
at ✽.I open the F-Droid website(file:///C:/Users/masai%5E/Documents/workspace-spring-tools-for-eclipse-4.30.0.RELEASE/f-Droid-testing-main/f-Droid-testing-main/src/test/java/features/search.feature:14)
]]>
    </error>
  </testcase> <!-- runScenario -->
  <testcase classname="runners.TestRunner" name="runScenario" time="0.007">
    <error message="Cannot invoke &quot;org.openqa.selenium.WebDriver.get(String)&quot; because &quot;this.driver&quot; is null" type="java.lang.NullPointerException">
      <![CDATA[java.lang.NullPointerException: Cannot invoke "org.openqa.selenium.WebDriver.get(String)" because "this.driver" is null
at stepdefinitions.SearchSteps.i_open_the_f_droid_website(SearchSteps.java:22)
at ✽.I open the F-Droid website(file:///C:/Users/masai%5E/Documents/workspace-spring-tools-for-eclipse-4.30.0.RELEASE/f-Droid-testing-main/f-Droid-testing-main/src/test/java/features/search.feature:14)
]]>
    </error>
  </testcase> <!-- runScenario -->
</testsuite> <!-- runners.TestRunner -->
